<?xml version="1.0" encoding="UTF-8"?>
<testng-results skipped="0" failed="0" ignored="0" total="1" passed="1">
  <reporter-output>
  </reporter-output>
  <suite name="Default suite" duration-ms="2627" started-at="2021-11-24T17:44:29 IST" finished-at="2021-11-24T17:44:31 IST">
    <groups>
    </groups>
    <test name="Default test" duration-ms="2627" started-at="2021-11-24T17:44:29 IST" finished-at="2021-11-24T17:44:31 IST">
      <class name="APITesting.API_PostTest">
        <test-method status="PASS" signature="post_API()[pri:0, instance:APITesting.API_PostTest@1d29cf23]" name="post_API" duration-ms="2588" started-at="2021-11-24T17:44:29 IST" finished-at="2021-11-24T17:44:31 IST">
          <reporter-output>
          </reporter-output>
        </test-method> <!-- post_API -->
      </class> <!-- APITesting.API_PostTest -->
    </test> <!-- Default test -->
  </suite> <!-- Default suite -->
</testng-results>
